<?xml version="1.0" encoding="UTF-8"?>
<!-- Generated by org.testng.reporters.JUnitReportReporter -->
<testsuite hostname="janibasha" failures="0" tests="2" name="com.mystoreapp.testcases.IndexPageTestCase" time="12.892" errors="0" timestamp="2025-02-14T12:02:14 IST" skipped="0">
  <testcase classname="com.mystoreapp.testcases.IndexPageTestCase" name="verifyTitle" time="6.892"/>
  <system-out/>
  <testcase classname="com.mystoreapp.testcases.IndexPageTestCase" name="verifyLogo" time="6.000"/>
  <system-out/>
</testsuite> <!-- com.mystoreapp.testcases.IndexPageTestCase -->
