<?xml version="1.0" encoding="UTF-8"?>
<!-- Generated by org.testng.reporters.JUnitReportReporter -->
<testsuite hostname="janibasha" failures="0" tests="2" name="com.mystoreapp.testcases.HomePageTestCase" time="20.251" errors="0" timestamp="2025-02-14T12:01:33 IST" skipped="0">
  <testcase classname="com.mystoreapp.testcases.HomePageTestCase" name="WishListTestCase" time="11.304"/>
  <system-out/>
  <testcase classname="com.mystoreapp.testcases.HomePageTestCase" name="OrderHistoryDetailsTestCase" time="8.947"/>
  <system-out/>
</testsuite> <!-- com.mystoreapp.testcases.HomePageTestCase -->
