<?xml version="1.0" encoding="UTF-8"?>
<!-- Generated by org.testng.reporters.JUnitReportReporter -->
<testsuite hostname="janibasha" failures="0" tests="1" name="com.mystoreapp.testcases.LoginPageTest" time="10.250" errors="0" timestamp="2025-02-14T12:04:52 IST" skipped="0">
  <testcase classname="com.mystoreapp.testcases.LoginPageTest" name="loginTest" time="10.250"/>
  <system-out/>
</testsuite> <!-- com.mystoreapp.testcases.LoginPageTest -->
