<?xml version="1.0" encoding="UTF-8"?>
<!-- Generated by org.testng.reporters.JUnitReportReporter -->
<testsuite hostname="janibasha" failures="0" tests="2" name="com.mystoreapp.testcases.sampleChildA" time="0.020" errors="0" timestamp="2024-12-28T16:39:07 IST" skipped="0">
  <testcase classname="com.mystoreapp.testcases.sampleChildA" name="LoginTest" time="0.018"/>
  <system-out/>
  <testcase classname="com.mystoreapp.testcases.sampleChildA" name="LogoClick" time="0.002"/>
  <system-out/>
</testsuite> <!-- com.mystoreapp.testcases.sampleChildA -->
