<?xml version="1.0" encoding="UTF-8"?>
<!-- Generated by org.testng.reporters.JUnitReportReporter -->
<testsuite hostname="janibasha" failures="0" tests="1" name="com.mystoreapp.base.BaseClass" time="9.685" errors="0" timestamp="2024-12-26T19:37:53 IST" skipped="0">
  <testcase classname="com.mystoreapp.base.BaseClass" name="launchApp" time="9.685"/>
  <system-out/>
</testsuite> <!-- com.mystoreapp.base.BaseClass -->
