<?xml version="1.0" encoding="UTF-8"?>
<!-- Generated by org.testng.reporters.JUnitReportReporter -->
<testsuite hostname="janibasha" failures="0" tests="1" name="com.mystoreapp.pageobjects.LoginPage" time="8.532" errors="0" timestamp="2024-12-25T21:46:36 IST" skipped="0">
  <testcase classname="com.mystoreapp.pageobjects.LoginPage" name="launchApp" time="8.532"/>
  <system-out/>
</testsuite> <!-- com.mystoreapp.pageobjects.LoginPage -->
